<?xml version="1.0" encoding="UTF-8"?>
<testng-results skipped="0" failed="0" ignored="0" total="1" passed="1">
  <reporter-output>
  </reporter-output>
  <suite name="Suite" duration-ms="131" started-at="2019-02-14T06:36:07Z" finished-at="2019-02-14T06:36:07Z">
    <groups>
    </groups>
    <test name="Test" duration-ms="131" started-at="2019-02-14T06:36:07Z" finished-at="2019-02-14T06:36:07Z">
      <class name="practice.NewTest">
        <test-method status="PASS" signature="f()[pri:0, instance:practice.NewTest@4520ebad]" name="f" duration-ms="33" started-at="2019-02-14T06:36:07Z" finished-at="2019-02-14T06:36:07Z">
          <reporter-output>
          </reporter-output>
        </test-method> <!-- f -->
      </class> <!-- practice.NewTest -->
    </test> <!-- Test -->
  </suite> <!-- Suite -->
</testng-results>
